[2025-04-06T03:43:24.478+0000] {manager.py:487} INFO - Processing files using up to 2 processes at a time 
[2025-04-06T03:43:24.478+0000] {manager.py:488} INFO - Process each file at most once every 30 seconds
[2025-04-06T03:43:24.479+0000] {manager.py:489} INFO - Checking for new files in /opt/airflow/dags every 300 seconds
[2025-04-06T03:43:24.479+0000] {manager.py:759} INFO - Searching for files in /opt/airflow/dags
[2025-04-06T03:43:24.480+0000] {manager.py:762} INFO - There are 0 files in /opt/airflow/dags
[2025-04-06T03:48:24.817+0000] {manager.py:759} INFO - Searching for files in /opt/airflow/dags
[2025-04-06T03:48:24.817+0000] {manager.py:762} INFO - There are 0 files in /opt/airflow/dags
[2025-04-06T03:53:25.121+0000] {manager.py:759} INFO - Searching for files in /opt/airflow/dags
[2025-04-06T03:53:25.121+0000] {manager.py:762} INFO - There are 0 files in /opt/airflow/dags
[2025-04-06T03:58:25.407+0000] {manager.py:759} INFO - Searching for files in /opt/airflow/dags
[2025-04-06T03:58:25.408+0000] {manager.py:762} INFO - There are 0 files in /opt/airflow/dags
[2025-04-06T04:03:25.674+0000] {manager.py:759} INFO - Searching for files in /opt/airflow/dags
[2025-04-06T04:03:25.675+0000] {manager.py:762} INFO - There are 0 files in /opt/airflow/dags
[2025-04-06T04:08:25.952+0000] {manager.py:759} INFO - Searching for files in /opt/airflow/dags
[2025-04-06T04:08:25.953+0000] {manager.py:762} INFO - There are 0 files in /opt/airflow/dags
[2025-04-06T04:13:26.251+0000] {manager.py:759} INFO - Searching for files in /opt/airflow/dags
[2025-04-06T04:13:26.251+0000] {manager.py:762} INFO - There are 0 files in /opt/airflow/dags
[2025-04-06T04:18:26.513+0000] {manager.py:759} INFO - Searching for files in /opt/airflow/dags
[2025-04-06T04:18:26.514+0000] {manager.py:762} INFO - There are 0 files in /opt/airflow/dags
[2025-04-06T04:23:26.797+0000] {manager.py:759} INFO - Searching for files in /opt/airflow/dags
[2025-04-06T04:23:26.797+0000] {manager.py:762} INFO - There are 0 files in /opt/airflow/dags
[2025-04-06T04:28:27.068+0000] {manager.py:759} INFO - Searching for files in /opt/airflow/dags
[2025-04-06T04:28:27.068+0000] {manager.py:762} INFO - There are 0 files in /opt/airflow/dags
[2025-04-06T04:33:27.353+0000] {manager.py:759} INFO - Searching for files in /opt/airflow/dags
[2025-04-06T04:33:27.354+0000] {manager.py:762} INFO - There are 0 files in /opt/airflow/dags
[2025-04-06T04:33:45.627+0000] {manager.py:469} INFO - Exiting gracefully upon receiving signal 15
